<?xml version="1.0" encoding="UTF-8"?>
<testng-results ignored="0" total="2" passed="2" failed="0" skipped="0">
  <reporter-output>
  </reporter-output>
  <suite started-at="2024-03-02T17:19:41Z" name="Suite" finished-at="2024-03-02T17:19:54Z" duration-ms="13771">
    <groups>
    </groups>
    <test started-at="2024-03-02T17:19:41Z" name="Test" finished-at="2024-03-02T17:19:54Z" duration-ms="13771">
      <class name="testcases.LoginTest">
        <test-method is-config="true" signature="SetUo()[pri:0, instance:testcases.LoginTest@82de64a]" started-at="2024-03-02T17:19:41Z" name="SetUo" finished-at="2024-03-02T17:19:43Z" duration-ms="2368" status="PASS">
          <reporter-output>
          </reporter-output>
        </test-method> <!-- SetUo -->
        <test-method signature="LoginFailiureTest()[pri:0, instance:testcases.LoginTest@82de64a]" started-at="2024-03-02T17:19:43Z" name="LoginFailiureTest" finished-at="2024-03-02T17:19:48Z" duration-ms="5297" status="PASS">
          <reporter-output>
          </reporter-output>
        </test-method> <!-- LoginFailiureTest -->
        <test-method is-config="true" signature="TearDown()[pri:0, instance:testcases.LoginTest@82de64a]" started-at="2024-03-02T17:19:48Z" name="TearDown" finished-at="2024-03-02T17:19:48Z" duration-ms="101" status="PASS">
          <reporter-output>
          </reporter-output>
        </test-method> <!-- TearDown -->
        <test-method is-config="true" signature="SetUo()[pri:0, instance:testcases.LoginTest@82de64a]" started-at="2024-03-02T17:19:48Z" name="SetUo" finished-at="2024-03-02T17:19:50Z" duration-ms="1674" status="PASS">
          <reporter-output>
          </reporter-output>
        </test-method> <!-- SetUo -->
        <test-method signature="LoginSuccessTest()[pri:0, instance:testcases.LoginTest@82de64a]" started-at="2024-03-02T17:19:50Z" name="LoginSuccessTest" finished-at="2024-03-02T17:19:54Z" duration-ms="4178" status="PASS">
          <reporter-output>
          </reporter-output>
        </test-method> <!-- LoginSuccessTest -->
        <test-method is-config="true" signature="TearDown()[pri:0, instance:testcases.LoginTest@82de64a]" started-at="2024-03-02T17:19:54Z" name="TearDown" finished-at="2024-03-02T17:19:54Z" duration-ms="138" status="PASS">
          <reporter-output>
          </reporter-output>
        </test-method> <!-- TearDown -->
      </class> <!-- testcases.LoginTest -->
    </test> <!-- Test -->
  </suite> <!-- Suite -->
</testng-results>
