<?xml version="1.0" encoding="UTF-8"?>
<testng-results ignored="0" total="2" passed="2" failed="0" skipped="0">
  <reporter-output>
  </reporter-output>
  <suite started-at="2024-03-02T17:10:44Z" name="Suite" finished-at="2024-03-02T17:10:58Z" duration-ms="13836">
    <groups>
    </groups>
    <test started-at="2024-03-02T17:10:44Z" name="Test" finished-at="2024-03-02T17:10:58Z" duration-ms="13836">
      <class name="testcases.LoginTest">
        <test-method is-config="true" signature="SetUo()[pri:0, instance:testcases.LoginTest@73d983ea]" started-at="2024-03-02T17:10:44Z" name="SetUo" finished-at="2024-03-02T17:10:48Z" duration-ms="3627" status="PASS">
          <reporter-output>
          </reporter-output>
        </test-method> <!-- SetUo -->
        <test-method signature="LoginFailiureTest()[pri:0, instance:testcases.LoginTest@73d983ea]" started-at="2024-03-02T17:10:48Z" name="LoginFailiureTest" finished-at="2024-03-02T17:10:52Z" duration-ms="4109" status="PASS">
          <reporter-output>
          </reporter-output>
        </test-method> <!-- LoginFailiureTest -->
        <test-method is-config="true" signature="TearDown()[pri:0, instance:testcases.LoginTest@73d983ea]" started-at="2024-03-02T17:10:52Z" name="TearDown" finished-at="2024-03-02T17:10:52Z" duration-ms="120" status="PASS">
          <reporter-output>
          </reporter-output>
        </test-method> <!-- TearDown -->
        <test-method is-config="true" signature="SetUo()[pri:0, instance:testcases.LoginTest@73d983ea]" started-at="2024-03-02T17:10:52Z" name="SetUo" finished-at="2024-03-02T17:10:54Z" duration-ms="1872" status="PASS">
          <reporter-output>
          </reporter-output>
        </test-method> <!-- SetUo -->
        <test-method signature="LoginSuccessTest()[pri:0, instance:testcases.LoginTest@73d983ea]" started-at="2024-03-02T17:10:54Z" name="LoginSuccessTest" finished-at="2024-03-02T17:10:58Z" duration-ms="4000" status="PASS">
          <reporter-output>
          </reporter-output>
        </test-method> <!-- LoginSuccessTest -->
        <test-method is-config="true" signature="TearDown()[pri:0, instance:testcases.LoginTest@73d983ea]" started-at="2024-03-02T17:10:58Z" name="TearDown" finished-at="2024-03-02T17:10:58Z" duration-ms="88" status="PASS">
          <reporter-output>
          </reporter-output>
        </test-method> <!-- TearDown -->
      </class> <!-- testcases.LoginTest -->
    </test> <!-- Test -->
  </suite> <!-- Suite -->
</testng-results>
